<?xml version="1.0" encoding="UTF-8"?>
<testsuite name="JUnit Jupiter" tests="1" skipped="0" failures="0" errors="1" time="0.071" hostname="DT-100" timestamp="2024-11-26T14:01:16">
<properties>
[...]
</properties>
<testcase name="testItWorks()" classname="com.ipageon.MicronautjpatestTest" time="0">
<error message="Bean definition [org.hibernate.SessionFactory] could not be loaded: Error instantiating bean of type  [org.hibernate.boot.SessionFactoryBuilder]

Message: Entities not found for JPA configuration: 'default' within packages [com.ipageon.entity]. Check that you have correctly specified a package containing JPA entities within the &quot;jpa.default.entity-scan.packages&quot; property in your application configuration and that those entities are either compiled with Micronaut or a build time index produced with @Introspected(packages=&quot;foo.bar&quot;, includedAnnotations=Entity.class) declared on your Application class
Path Taken: SessionFactoryPerDataSourceFactory.buildHibernateSessionFactoryBuilder(SessionFactoryBuilder sessionFactoryBuilder) --&gt; SessionFactoryPerDataSourceFactory.buildHibernateSessionFactoryBuilder([SessionFactoryBuilder sessionFactoryBuilder]) --&gt; SessionFactoryPerDataSourceFactory.buildHibernateSessionFactoryBuilder([Metadata metadata],JpaConfiguration jpaConfiguration,String name)" type="io.micronaut.context.exceptions.BeanInstantiationException"><![CDATA[io.micronaut.context.exceptions.BeanInstantiationException: Bean definition [org.hibernate.SessionFactory] could not be loaded: Error instantiating bean of type  [org.hibernate.boot.SessionFactoryBuilder]

Message: Entities not found for JPA configuration: 'default' within packages [com.ipageon.entity]. Check that you have correctly specified a package containing JPA entities within the "jpa.default.entity-scan.packages" property in your application configuration and that those entities are either compiled with Micronaut or a build time index produced with @Introspected(packages="foo.bar", includedAnnotations=Entity.class) declared on your Application class
Path Taken: SessionFactoryPerDataSourceFactory.buildHibernateSessionFactoryBuilder(SessionFactoryBuilder sessionFactoryBuilder) --> SessionFactoryPerDataSourceFactory.buildHibernateSessionFactoryBuilder([SessionFactoryBuilder sessionFactoryBuilder]) --> SessionFactoryPerDataSourceFactory.buildHibernateSessionFactoryBuilder([Metadata metadata],JpaConfiguration jpaConfiguration,String name)
	at io.micronaut.context.DefaultBeanContext.initializeContext(DefaultBeanContext.java:1996)
	at io.micronaut.context.DefaultApplicationContext.initializeContext(DefaultApplicationContext.java:307)
	at io.micronaut.context.DefaultBeanContext.configureAndStartContext(DefaultBeanContext.java:3314)
	at io.micronaut.context.DefaultBeanContext.start(DefaultBeanContext.java:345)
	at io.micronaut.context.DefaultApplicationContext.start(DefaultApplicationContext.java:215)
	at io.micronaut.test.extensions.AbstractMicronautExtension.startApplicationContext(AbstractMicronautExtension.java:507)
	at io.micronaut.test.extensions.AbstractMicronautExtension.beforeClass(AbstractMicronautExtension.java:346)
	at io.micronaut.test.extensions.junit5.MicronautJunit5Extension.beforeAll(MicronautJunit5Extension.java:84)
	at java.base@21.0.5/java.util.ArrayList.forEach(ArrayList.java:1596)
Caused by: io.micronaut.context.exceptions.BeanInstantiationException: Error instantiating bean of type  [org.hibernate.boot.SessionFactoryBuilder]

Message: Entities not found for JPA configuration: 'default' within packages [com.ipageon.entity]. Check that you have correctly specified a package containing JPA entities within the "jpa.default.entity-scan.packages" property in your application configuration and that those entities are either compiled with Micronaut or a build time index produced with @Introspected(packages="foo.bar", includedAnnotations=Entity.class) declared on your Application class
Path Taken: SessionFactoryPerDataSourceFactory.buildHibernateSessionFactoryBuilder(SessionFactoryBuilder sessionFactoryBuilder) --> SessionFactoryPerDataSourceFactory.buildHibernateSessionFactoryBuilder([SessionFactoryBuilder sessionFactoryBuilder]) --> SessionFactoryPerDataSourceFactory.buildHibernateSessionFactoryBuilder([Metadata metadata],JpaConfiguration jpaConfiguration,String name)
	at io.micronaut.context.DefaultBeanContext.resolveByBeanFactory(DefaultBeanContext.java:2345)
	at io.micronaut.context.DefaultBeanContext.doCreateBean(DefaultBeanContext.java:2300)
	at io.micronaut.context.DefaultBeanContext.doCreateBean(DefaultBeanContext.java:2312)
	at io.micronaut.context.DefaultBeanContext.createRegistration(DefaultBeanContext.java:3123)
	at io.micronaut.context.SingletonScope.getOrCreate(SingletonScope.java:80)
	at io.micronaut.context.DefaultBeanContext.findOrCreateSingletonBeanRegistration(DefaultBeanContext.java:3025)
	at io.micronaut.context.DefaultBeanContext.resolveBeanRegistration(DefaultBeanContext.java:2986)
	at io.micronaut.context.DefaultBeanContext.resolveBeanRegistration(DefaultBeanContext.java:2752)
	at io.micronaut.context.DefaultBeanContext.getBean(DefaultBeanContext.java:1745)
	at io.micronaut.context.AbstractBeanResolutionContext.getBean(AbstractBeanResolutionContext.java:89)
	at io.micronaut.context.AbstractInitializableBeanDefinition.resolveBean(AbstractInitializableBeanDefinition.java:2188)
	at io.micronaut.context.AbstractInitializableBeanDefinition.getBeanForConstructorArgument(AbstractInitializableBeanDefinition.java:1350)
	at io.micronaut.configuration.hibernate.jpa.conf.$SessionFactoryPerDataSourceFactory$BuildHibernateSessionFactoryBuilder3$Definition.doInstantiate(Unknown Source)
	at io.micronaut.context.AbstractInitializableBeanDefinition.instantiate(AbstractInitializableBeanDefinition.java:770)
	at io.micronaut.context.BeanDefinitionDelegate.instantiate(BeanDefinitionDelegate.java:167)
	at io.micronaut.context.DefaultBeanContext.resolveByBeanFactory(DefaultBeanContext.java:2330)
	at io.micronaut.context.DefaultBeanContext.doCreateBean(DefaultBeanContext.java:2300)
	at io.micronaut.context.DefaultBeanContext.doCreateBean(DefaultBeanContext.java:2312)
	at io.micronaut.context.DefaultBeanContext.createRegistration(DefaultBeanContext.java:3123)
	at io.micronaut.context.SingletonScope.getOrCreate(SingletonScope.java:80)
	at io.micronaut.context.DefaultBeanContext.findOrCreateSingletonBeanRegistration(DefaultBeanContext.java:3025)
	at io.micronaut.context.DefaultBeanContext.resolveBeanRegistration(DefaultBeanContext.java:2986)
	at io.micronaut.context.DefaultBeanContext.resolveBeanRegistration(DefaultBeanContext.java:2752)
	at io.micronaut.context.DefaultBeanContext.getBean(DefaultBeanContext.java:1745)
	at io.micronaut.context.AbstractBeanResolutionContext.getBean(AbstractBeanResolutionContext.java:89)
	at io.micronaut.context.AbstractInitializableBeanDefinition.resolveBean(AbstractInitializableBeanDefinition.java:2188)
	at io.micronaut.context.AbstractInitializableBeanDefinition.getBeanForConstructorArgument(AbstractInitializableBeanDefinition.java:1350)
	at io.micronaut.configuration.hibernate.jpa.conf.$SessionFactoryPerDataSourceFactory$BuildHibernateSessionFactoryBuilder4$Definition.instantiate(Unknown Source)
	at io.micronaut.context.BeanDefinitionDelegate.instantiate(BeanDefinitionDelegate.java:170)
	at io.micronaut.context.DefaultBeanContext.resolveByBeanFactory(DefaultBeanContext.java:2330)
	at io.micronaut.context.DefaultBeanContext.doCreateBean(DefaultBeanContext.java:2300)
	at io.micronaut.context.DefaultBeanContext.doCreateBean(DefaultBeanContext.java:2312)
	at io.micronaut.context.DefaultBeanContext.createRegistration(DefaultBeanContext.java:3123)
	at io.micronaut.context.SingletonScope.getOrCreate(SingletonScope.java:80)
	at io.micronaut.context.DefaultBeanContext.findOrCreateSingletonBeanRegistration(DefaultBeanContext.java:3025)
	at io.micronaut.context.DefaultBeanContext.initializeEagerBean(DefaultBeanContext.java:2689)
	at io.micronaut.context.DefaultBeanContext.initializeContext(DefaultBeanContext.java:1990)
	... 8 more
Caused by: io.micronaut.context.exceptions.ConfigurationException: Entities not found for JPA configuration: 'default' within packages [com.ipageon.entity]. Check that you have correctly specified a package containing JPA entities within the "jpa.default.entity-scan.packages" property in your application configuration and that those entities are either compiled with Micronaut or a build time index produced with @Introspected(packages="foo.bar", includedAnnotations=Entity.class) declared on your Application class
	at io.micronaut.configuration.hibernate.jpa.conf.AbstractHibernateFactory.buildMetadata(AbstractHibernateFactory.java:90)
	at io.micronaut.configuration.hibernate.jpa.conf.SessionFactoryPerDataSourceFactory.buildMetadata(SessionFactoryPerDataSourceFactory.java:90)
	at io.micronaut.configuration.hibernate.jpa.conf.$SessionFactoryPerDataSourceFactory$BuildMetadata2$Definition.doInstantiate(Unknown Source)
	at io.micronaut.context.AbstractInitializableBeanDefinition.instantiate(AbstractInitializableBeanDefinition.java:770)
	at io.micronaut.context.BeanDefinitionDelegate.instantiate(BeanDefinitionDelegate.java:167)
	at io.micronaut.context.DefaultBeanContext.resolveByBeanFactory(DefaultBeanContext.java:2330)
	... 44 more
]]></error>
<system-out><![CDATA[
unique-id: [engine:junit-jupiter]/[class:com.ipageon.MicronautjpatestTest]/[method:testItWorks()]
display-name: testItWorks()
]]></system-out>
</testcase>
<system-out><![CDATA[
unique-id: [engine:junit-jupiter]
display-name: JUnit Jupiter
]]></system-out>
</testsuite>
